<?xml version="1.0" encoding="UTF-8"?>
<!-- Generated by org.testng.reporters.JUnitReportReporter -->
<testsuite hostname="BDC7-L-332CY82" failures="0" tests="1" name="testCases.TC_005_AddToCartPageTest" time="3.109" errors="0" timestamp="2024-02-16T16:22:42 IST" skipped="0">
  <testcase classname="testCases.TC_005_AddToCartPageTest" name="verify_addToCart" time="3.109"/>
</testsuite> <!-- testCases.TC_005_AddToCartPageTest -->
