<?xml version="1.0" encoding="UTF-8"?>
<!-- Generated by org.testng.reporters.JUnitReportReporter -->
<testsuite hostname="BDC7-L-332CY82" failures="0" tests="1" name="testCases.TC_02_LoginTest" time="12.445" errors="0" timestamp="2024-02-14T17:05:03 IST" skipped="0">
  <testcase classname="testCases.TC_02_LoginTest" name="Login" time="12.445"/>
</testsuite> <!-- testCases.TC_02_LoginTest -->
