<?xml version="1.0" encoding="UTF-8"?>
<!-- Generated by org.testng.reporters.JUnitReportReporter -->
<testsuite hostname="BDC7-L-332CY82" failures="0" tests="5" name="testCases.TC_03_LoginDataDrivenTest" time="99.021" errors="0" timestamp="2024-02-13T23:08:29 IST" skipped="0">
  <testcase classname="testCases.TC_03_LoginDataDrivenTest" name="DataDrivenLogin" time="23.330"/>
  <testcase classname="testCases.TC_03_LoginDataDrivenTest" name="DataDrivenLogin" time="24.923"/>
  <testcase classname="testCases.TC_03_LoginDataDrivenTest" name="DataDrivenLogin" time="22.534"/>
  <testcase classname="testCases.TC_03_LoginDataDrivenTest" name="DataDrivenLogin" time="4.953"/>
  <testcase classname="testCases.TC_03_LoginDataDrivenTest" name="DataDrivenLogin" time="23.281"/>
</testsuite> <!-- testCases.TC_03_LoginDataDrivenTest -->
