<?xml version="1.0" encoding="UTF-8"?>
<!-- Generated by org.testng.reporters.JUnitReportReporter -->
<testsuite hostname="BDC7-L-332CY82" failures="0" tests="1" name="testCases.TC_004_SearchProductTest" time="9.674" errors="0" timestamp="2024-02-16T16:06:30 IST" skipped="0">
  <testcase classname="testCases.TC_004_SearchProductTest" name="verify_pruductSearch" time="9.674"/>
</testsuite> <!-- testCases.TC_004_SearchProductTest -->
