<?xml version="1.0" encoding="UTF-8"?>
<!-- Generated by org.testng.reporters.JUnitReportReporter -->
<testsuite hostname="BDC7-L-332CY82" failures="0" tests="1" name="testCases.TC_02_LoginTest" time="13.508" errors="0" timestamp="2024-02-15T17:13:09 IST" skipped="0">
  <testcase classname="testCases.TC_02_LoginTest" name="Login" time="13.508"/>
</testsuite> <!-- testCases.TC_02_LoginTest -->
